<?xml version="1.0" encoding="UTF-8"?>
<!-- Generated by org.testng.reporters.JUnitReportReporter -->
<testsuite hostname="DESKTOP-P887B2O" failures="0" tests="5" name="com.extent.reports.ExtentReportsTest" time="0.026" errors="0" timestamp="2022-07-02T19:46:37 IST" skipped="0">
  <testcase classname="com.extent.reports.ExtentReportsTest" name="Test2" time="0.002"/>
  <system-out/>
  <testcase classname="com.extent.reports.ExtentReportsTest" name="Test5" time="0.002"/>
  <system-out/>
  <testcase classname="com.extent.reports.ExtentReportsTest" name="Test1" time="0.016"/>
  <system-out/>
  <testcase classname="com.extent.reports.ExtentReportsTest" name="Test4" time="0.003"/>
  <system-out/>
  <testcase classname="com.extent.reports.ExtentReportsTest" name="Test3" time="0.003"/>
  <system-out/>
</testsuite> <!-- com.extent.reports.ExtentReportsTest -->
