<?xml version="1.0" encoding="UTF-8"?>
<!-- Generated by org.testng.reporters.JUnitReportReporter -->
<testsuite hostname="DESKTOP-P887B2O" failures="0" tests="5" name="com.extent.reports.SatyaExtentReportsTest" time="0.030" errors="0" timestamp="2022-07-02T19:46:50 IST" skipped="0">
  <testcase classname="com.extent.reports.SatyaExtentReportsTest" name="Test2" time="0.002"/>
  <system-out/>
  <testcase classname="com.extent.reports.SatyaExtentReportsTest" name="Test1" time="0.015"/>
  <system-out/>
  <testcase classname="com.extent.reports.SatyaExtentReportsTest" name="Test5" time="0.001"/>
  <system-out/>
  <testcase classname="com.extent.reports.SatyaExtentReportsTest" name="Test4" time="0.001"/>
  <system-out/>
  <testcase classname="com.extent.reports.SatyaExtentReportsTest" name="Test3" time="0.011"/>
  <system-out/>
</testsuite> <!-- com.extent.reports.SatyaExtentReportsTest -->
